<?xml version="1.0"?>
<component name="org.nuxeo.dst.xml.importer.desc.contrib">

  <extension target="org.nuxeo.dst.importer.service.XMLImporterComponent"
             point="configuration">

    <configuration
            wrapperClass="org.nuxeo.dst.importer.data.CorrespondenceList"
            class="org.nuxeo.dst.importer.data.Correspondence"
            parent="/"/>

  </extension>

</component>
