<?xml version="1.0"?>
<component name="org.nuxeo.dst.xml.importer.desc.contrib">

  <extension target="org.nuxeo.dst.importer.service.XMLImporterComponent"
             point="configuration">

    <configuration>
      <class>org.nuxeo.dst.importer.Correspondence</class>
    </configuration>

  </extension>

</component>
