<?xml version="1.0"?>
<component name="org.nuxeo.dst.stream.contrib">

  <extension point="logConfig" target="org.nuxeo.runtime.stream.service">

    <logConfig name="default">
      <log name="input" size="1" />
      <log name="output" size="1" />
      <log name="myLog" size="1" />
    </logConfig>

  </extension>

</component>
