<?xml version="1.0" encoding="UTF-8"?>
<list>
  <correspondence>
    <title>NewCorrespondence0</title>
    <SEDOL>A_NUM_SEDOL</SEDOL>
    <hidden>true</hidden>
    <design>1234</design>
  </correspondence>
  <correspondence>
    <title>NewCorrespondence1</title>
    <SEDOL>A_NUM_SEDOL_0</SEDOL>
    <hidden>false</hidden>
    <design>1234</design>
    <agentIds>
      <value>test1</value>
      <value>test2</value>
    </agentIds>
    <external>
      <sourceSystem>Git</sourceSystem>
      <createDate>2018-01-01</createDate>
    </external>
  </correspondence>
</list>