<?xml version="1.0"?>
<component name="org.nuxeo.dst.doc.type.contrib">

  <require>org.nuxeo.ecm.core.schema.TypeService</require>
  <extension target="org.nuxeo.ecm.core.schema.TypeService" point="schema">
    <schema name="correspondence" prefix="correspondence" override="true" src="schemas/correspondence.xsd"/>
  </extension>

  <extension target="org.nuxeo.ecm.core.schema.TypeService" point="doctype">
    <doctype name="correspondence" extends="File">
      <schema name="correspondence"/>
    </doctype>
  </extension>

</component>